commit 741356b8a09a3fad89c7834101b2a80e8a1aef52
Author: jaa <jaa@sn127.fi>
Date:   Fri Jan 29 21:00:30 2016 +0200

    input-as-glob: implemented glob as valid input.
    
    This implements "raw" glob functionality, so the beging of
    glob must be wildcard.
    
     - base/main/../Config: Handle "glob:" prefix in input
     - base/main/../Process: mkParentDirPath: New helper for path handling
     - sclT0004-glob: new Testrunner testcase for glob

M	.gitignore
M	base/src/main/scala/co/uproot/abandon/Config.scala
M	base/src/main/scala/co/uproot/abandon/Process.scala
M	testCases/globtree/readme.md
A	testCases/sclT0004-glob/glob01-txns/2015/00-equity.txn
A	testCases/sclT0004-glob/glob01-txns/2015/01/2015-01-02.txn
A	testCases/sclT0004-glob/glob01-txns/2015/01/2015-01-12.txn
A	testCases/sclT0004-glob/glob01-txns/2015/01/2015-01-22.txn
A	testCases/sclT0004-glob/glob01-txns/2015/02/2015-02-01.txn
A	testCases/sclT0004-glob/glob01-txns/2015/02/2015-02-03.txn
A	testCases/sclT0004-glob/glob01-txns/2015/02/2015-02-05.txn
A	testCases/sclT0004-glob/glob01-txns/2015/02/2015-02-06-first.txn
A	testCases/sclT0004-glob/glob01-txns/2015/02/2015-02-06-second.txn
A	testCases/sclT0004-glob/glob01-txns/2015/02/2015-02-07.txn
A	testCases/sclT0004-glob/glob01-txns/2015/02/2015-02-09.txn
A	testCases/sclT0004-glob/glob01-txns/2015/02/2015-02-12.txn
A	testCases/sclT0004-glob/glob01-txns/2015/02/2015-02-28.txn
A	testCases/sclT0004-glob/glob01.conf
A	testCases/sclT0004-glob/glob01.ref.balance.xml
A	testCases/sclT0004-glob/glob01.ref.journal.xml
A	testCases/sclT0004-glob/readme.md

commit 4c07ba1b1c3a45a13b5644a37d9e61283c3a7f05
Author: jaa <jaa@sn127.fi>
Date:   Thu Jan 28 23:52:59 2016 +0200

    input-as-glob: Utility functionality to handle glob-pattern.
    
     - base/main/../Utils: globListFiles, new function to list files based on glob.
     - base/test/../GlobTest: tests for glob
     - testCases/globtree: test directory for glob tests

M	base/src/main/scala/co/uproot/abandon/Utils.scala
A	base/src/test/scala/co/uproot/abandon/GlobTest.scala
A	testCases/globtree/a/a.not
A	testCases/globtree/a/a.txt
A	testCases/globtree/a/a2/a2.txt
A	testCases/globtree/a/a2/x.txt
A	testCases/globtree/a/x.txt
A	testCases/globtree/b/b.txt
A	testCases/globtree/c/c.txt
A	testCases/globtree/c/x.txt
A	testCases/globtree/one.txt
A	testCases/globtree/readme.md
A	testCases/globtree/three.txt
A	testCases/globtree/two.txt
