commit 08bedac1552ce63d064dd5081f82b32778e22879
Author: jaa <jaa@sn127.fi>
Date:   Mon Feb 1 21:45:59 2016 +0200

    input-as-glob: wart removed -  don't use "return".

M	base/src/main/scala/co/uproot/abandon/Utils.scala

commit 9e39eae9ec00e5e30ef9a1bfacf637c49b0eeee3
Author: jaa <jaa@sn127.fi>
Date:   Mon Feb 1 20:05:08 2016 +0200

    input-as-glob: Support cooked form with Regex.
    
    This adds support of basepath cooked regex, and also address review
    comments made for PR #74 / 2016-01-31.

M	base/src/main/scala/co/uproot/abandon/Utils.scala

commit 5257ef5c6bc3fb19ba54a5eaca96152d71ac344e
Author: jaa <jaa@sn127.fi>
Date:   Sat Jan 30 14:54:06 2016 +0200

    input-as-glob: Implemented basepath support with wildcard input (e.g. "cooked" glob)
    
    This implements basepath support with wildcard input, or cooked form of glob
    where basepath to configuration file is used with glob. Also support `regex` for
    wildcard patterns.
    
     - CHANGES.md: Updated
     - README.md: pointer to doc/abandon.md
     - doc/abandon.md: **very** initial user manual
     - base/main/../Config: regex support
     - base/main/../Process: new function `mkCanonicalDirPath`
     - base/main/../Utils: `regex` and cooked `glob` support
     - base/test/../GlobTest: `BasepathGlobTest` for cooked form
     - sclT0004-glob/glob01.conf: Use all main forms of wildcards for inputs

M	base/src/main/scala/co/uproot/abandon/Utils.scala

commit 4c07ba1b1c3a45a13b5644a37d9e61283c3a7f05
Author: jaa <jaa@sn127.fi>
Date:   Thu Jan 28 23:52:59 2016 +0200

    input-as-glob: Utility functionality to handle glob-pattern.
    
     - base/main/../Utils: globListFiles, new function to list files based on glob.
     - base/test/../GlobTest: tests for glob
     - testCases/globtree: test directory for glob tests

M	base/src/main/scala/co/uproot/abandon/Utils.scala

commit aee22be59830e77d365c23dac962565e9678ea38
Author: Jani Averbach <jaa@sn127.fi>
Date:   Tue Jan 19 01:46:45 2016 +0200

    Abandon CLI Test Runner and few test cases (balance and reports).
    
    This implements Test Runner which runs automatically test
    defined by convention on testCases-directory.
    Please see testCases/README.md for description.
    
    These tests are run by sbt: cli/test target.

A	base/src/main/scala/co/uproot/abandon/Utils.scala
